# JRE version: OpenJDK Runtime Environment (8.0_242-b01) (build 1.8.0_242-release-1644-b01)
# Java VM: OpenJDK 64-Bit Server VM (25.242-b01 mixed mode windows-amd64 compressed oops)
Heap:
 PSYoungGen      total 453120K, used 286686K [0x00000000d5580000, 0x00000000f9400000, 0x0000000100000000)
  eden space 378368K, 56% used [0x00000000d5580000,0x00000000e247dfa8,0x00000000ec700000)
  from space 74752K, 99% used [0x00000000ec700000,0x00000000f0ff9b98,0x00000000f1000000)
  to   space 97280K, 0% used [0x00000000f3500000,0x00000000f3500000,0x00000000f9400000)
 ParOldGen       total 323584K, used 166536K [0x0000000080000000, 0x0000000093c00000, 0x00000000d5580000)
  object space 323584K, 51% used [0x0000000080000000,0x000000008a2a2240,0x0000000093c00000)
 Metaspace       used 117407K, capacity 126944K, committed 127040K, reserved 1159168K
  class space    used 15337K, capacity 17169K, committed 17216K, reserved 1048576K
GC Heap History (10 events):
Event: 328.596 GC heap before
{Heap before GC invocations=21 (full 4):
 PSYoungGen      total 370176K, used 370163K [0x00000000d5580000, 0x00000000f0980000, 0x0000000100000000)
  eden space 334336K, 100% used [0x00000000d5580000,0x00000000e9c00000,0x00000000e9c00000)
  from space 35840K, 99% used [0x00000000ecc00000,0x00000000eeefcce8,0x00000000eef00000)
  to   space 49152K, 0% used [0x00000000e9c00000,0x00000000e9c00000,0x00000000ecc00000)
 ParOldGen       total 323584K, used 94565K [0x0000000080000000, 0x0000000093c00000, 0x00000000d5580000)
  object space 323584K, 29% used [0x0000000080000000,0x0000000085c597b0,0x0000000093c00000)
 Metaspace       used 112151K, capacity 120170K, committed 120384K, reserved 1153024K
  class space    used 14813K, capacity 16403K, committed 16448K, reserved 1048576K
Event: 328.621 GC heap after
Heap after GC invocations=21 (full 4):
 PSYoungGen      total 383488K, used 34731K [0x00000000d5580000, 0x00000000f2100000, 0x0000000100000000)
  eden space 334336K, 0% used [0x00000000d5580000,0x00000000d5580000,0x00000000e9c00000)
  from space 49152K, 70% used [0x00000000e9c00000,0x00000000ebdeaca8,0x00000000ecc00000)
  to   space 51712K, 0% used [0x00000000eee80000,0x00000000eee80000,0x00000000f2100000)
 ParOldGen       total 323584K, used 103480K [0x0000000080000000, 0x0000000093c00000, 0x00000000d5580000)
  object space 323584K, 31% used [0x0000000080000000,0x000000008650e228,0x0000000093c00000)
 Metaspace       used 112151K, capacity 120170K, committed 120384K, reserved 1153024K
  class space    used 14813K, capacity 16403K, committed 16448K, reserved 1048576K
}
Event: 470.051 GC heap before
{Heap before GC invocations=22 (full 4):
 PSYoungGen      total 383488K, used 369067K [0x00000000d5580000, 0x00000000f2100000, 0x0000000100000000)
  eden space 334336K, 100% used [0x00000000d5580000,0x00000000e9c00000,0x00000000e9c00000)
  from space 49152K, 70% used [0x00000000e9c00000,0x00000000ebdeaca8,0x00000000ecc00000)
  to   space 51712K, 0% used [0x00000000eee80000,0x00000000eee80000,0x00000000f2100000)
 ParOldGen       total 323584K, used 103480K [0x0000000080000000, 0x0000000093c00000, 0x00000000d5580000)
  object space 323584K, 31% used [0x0000000080000000,0x000000008650e228,0x0000000093c00000)
 Metaspace       used 112567K, capacity 120604K, committed 120768K, reserved 1153024K
  class space    used 14838K, capacity 16450K, committed 16576K, reserved 1048576K
Event: 470.077 GC heap after
Heap after GC invocations=22 (full 4):
 PSYoungGen      total 409600K, used 34307K [0x00000000d5580000, 0x00000000f1e00000, 0x0000000100000000)
  eden space 360960K, 0% used [0x00000000d5580000,0x00000000d5580000,0x00000000eb600000)
  from space 48640K, 70% used [0x00000000eee80000,0x00000000f1000fd0,0x00000000f1e00000)
  to   space 53248K, 0% used [0x00000000eb600000,0x00000000eb600000,0x00000000eea00000)
 ParOldGen       total 323584K, used 103488K [0x0000000080000000, 0x0000000093c00000, 0x00000000d5580000)
  object space 323584K, 31% used [0x0000000080000000,0x0000000086510228,0x0000000093c00000)
 Metaspace       used 112567K, capacity 120604K, committed 120768K, reserved 1153024K
  class space    used 14838K, capacity 16450K, committed 16576K, reserved 1048576K
}
Event: 515.510 GC heap before
{Heap before GC invocations=23 (full 4):
 PSYoungGen      total 409600K, used 395266K [0x00000000d5580000, 0x00000000f1e00000, 0x0000000100000000)
  eden space 360960K, 99% used [0x00000000d5580000,0x00000000eb5ffb80,0x00000000eb600000)
  from space 48640K, 70% used [0x00000000eee80000,0x00000000f1000fd0,0x00000000f1e00000)
  to   space 53248K, 0% used [0x00000000eb600000,0x00000000eb600000,0x00000000eea00000)
 ParOldGen       total 323584K, used 103488K [0x0000000080000000, 0x0000000093c00000, 0x00000000d5580000)
  object space 323584K, 31% used [0x0000000080000000,0x0000000086510228,0x0000000093c00000)
 Metaspace       used 113104K, capacity 121424K, committed 121536K, reserved 1155072K
  class space    used 14866K, capacity 16496K, committed 16576K, reserved 1048576K
Event: 515.551 GC heap after
Heap after GC invocations=23 (full 4):
 PSYoungGen      total 414208K, used 53238K [0x00000000d5580000, 0x00000000f5300000, 0x0000000100000000)
  eden space 360960K, 0% used [0x00000000d5580000,0x00000000d5580000,0x00000000eb600000)
  from space 53248K, 99% used [0x00000000eb600000,0x00000000ee9fd858,0x00000000eea00000)
  to   space 68608K, 0% used [0x00000000f1000000,0x00000000f1000000,0x00000000f5300000)
 ParOldGen       total 323584K, used 123365K [0x0000000080000000, 0x0000000093c00000, 0x00000000d5580000)
  object space 323584K, 38% used [0x0000000080000000,0x00000000878794f0,0x0000000093c00000)
 Metaspace       used 113104K, capacity 121424K, committed 121536K, reserved 1155072K
  class space    used 14866K, capacity 16496K, committed 16576K, reserved 1048576K
}
Event: 734.836 GC heap before
{Heap before GC invocations=24 (full 4):
 PSYoungGen      total 414208K, used 414198K [0x00000000d5580000, 0x00000000f5300000, 0x0000000100000000)
  eden space 360960K, 100% used [0x00000000d5580000,0x00000000eb600000,0x00000000eb600000)
  from space 53248K, 99% used [0x00000000eb600000,0x00000000ee9fd858,0x00000000eea00000)
  to   space 68608K, 0% used [0x00000000f1000000,0x00000000f1000000,0x00000000f5300000)
 ParOldGen       total 323584K, used 123365K [0x0000000080000000, 0x0000000093c00000, 0x00000000d5580000)
  object space 323584K, 38% used [0x0000000080000000,0x00000000878794f0,0x0000000093c00000)
 Metaspace       used 116055K, capacity 124916K, committed 125120K, reserved 1157120K
  class space    used 15206K, capacity 16965K, committed 17088K, reserved 1048576K
Event: 734.876 GC heap after
Heap after GC invocations=24 (full 4):
 PSYoungGen      total 446976K, used 56248K [0x00000000d5580000, 0x00000000f5a00000, 0x0000000100000000)
  eden space 378368K, 0% used [0x00000000d5580000,0x00000000d5580000,0x00000000ec700000)
  from space 68608K, 81% used [0x00000000f1000000,0x00000000f46ee208,0x00000000f5300000)
  to   space 74752K, 0% used [0x00000000ec700000,0x00000000ec700000,0x00000000f1000000)
 ParOldGen       total 323584K, used 137246K [0x0000000080000000, 0x0000000093c00000, 0x00000000d5580000)
  object space 323584K, 42% used [0x0000000080000000,0x0000000088607a60,0x0000000093c00000)
 Metaspace       used 116055K, capacity 124916K, committed 125120K, reserved 1157120K
  class space    used 15206K, capacity 16965K, committed 17088K, reserved 1048576K
}
Event: 1988.515 GC heap before
{Heap before GC invocations=25 (full 4):
 PSYoungGen      total 446976K, used 434616K [0x00000000d5580000, 0x00000000f5a00000, 0x0000000100000000)
  eden space 378368K, 100% used [0x00000000d5580000,0x00000000ec700000,0x00000000ec700000)
  from space 68608K, 81% used [0x00000000f1000000,0x00000000f46ee208,0x00000000f5300000)
  to   space 74752K, 0% used [0x00000000ec700000,0x00000000ec700000,0x00000000f1000000)
 ParOldGen       total 323584K, used 137246K [0x0000000080000000, 0x0000000093c00000, 0x00000000d5580000)
  object space 323584K, 42% used [0x0000000080000000,0x0000000088607a60,0x0000000093c00000)
 Metaspace       used 117057K, capacity 126704K, committed 126784K, reserved 1159168K
  class space    used 15316K, capacity 17161K, committed 17216K, reserved 1048576K
Event: 1988.581 GC heap after
Heap after GC invocations=25 (full 4):
 PSYoungGen      total 453120K, used 74726K [0x00000000d5580000, 0x00000000f9400000, 0x0000000100000000)
  eden space 378368K, 0% used [0x00000000d5580000,0x00000000d5580000,0x00000000ec700000)
  from space 74752K, 99% used [0x00000000ec700000,0x00000000f0ff9b98,0x00000000f1000000)
  to   space 97280K, 0% used [0x00000000f3500000,0x00000000f3500000,0x00000000f9400000)
 ParOldGen       total 323584K, used 166536K [0x0000000080000000, 0x0000000093c00000, 0x00000000d5580000)
  object space 323584K, 51% used [0x0000000080000000,0x000000008a2a2240,0x0000000093c00000)
 Metaspace       used 117057K, capacity 126704K, committed 126784K, reserved 1159168K
  class space    used 15316K, capacity 17161K, committed 17216K, reserved 1048576K
}

